<?xml version="1.0" encoding="UTF-8"?>
<!-- Generated by org.testng.reporters.JUnitReportReporter -->
<testsuite hostname="DESKTOP-2TT3KTR" failures="0" tests="1" name="Sign_up" time="0.803" errors="0" timestamp="2023-10-23T11:44:26 EET" skipped="0">
  <testcase classname="Sign_up" name="myTest" time="0.803"/>
  <system-out/>
</testsuite> <!-- Sign_up -->
